2020-11-18T11:55:10+00:00 INFO Require to run updater..Start Installation/ Update process
2020-11-18T11:55:10+00:00 INFO Needs DB Update?
2020-11-18T11:55:10+00:00 INFO Current DB Version: 4.5.0
2020-11-18T11:55:10+00:00 INFO Database update require. Start updating database
2020-11-18T11:55:10+00:00 INFO Do Update....
2020-11-18T11:55:10+00:00 INFO Current IG ES DB Version: 4.5.0
2020-11-18T11:55:10+00:00 INFO [Queue] ig_es_update_457_alter_list_table
2020-11-18T11:55:10+00:00 INFO [Queue] ig_es_update_457_add_list_hash
2020-11-18T11:55:10+00:00 INFO [Queue] ig_es_update_457_db_version
2020-11-18T11:55:10+00:00 INFO [Queue] ig_es_update_463_alter_contacts_table
2020-11-18T11:55:10+00:00 INFO [Queue] ig_es_migrate_ip_from_list_contacts_to_contacts_table
2020-11-18T11:55:10+00:00 INFO [Queue] ig_es_update_463_db_version
2020-11-18T11:55:10+00:00 INFO Yes, we have tasks to process
2020-11-18T11:55:10+00:00 INFO --------------------- Started To Run Task Again---------------------
2020-11-18T11:55:10+00:00 INFO [Processing] ig_es_update_457_alter_list_table
2020-11-18T11:55:10+00:00 INFO --- Running Task - ig_es_update_457_alter_list_table
2020-11-18T11:55:10+00:00 INFO --- Finished Task - ig_es_update_457_alter_list_table 
2020-11-18T11:55:10+00:00 INFO [Processed] ig_es_update_457_alter_list_table
2020-11-18T11:55:10+00:00 INFO [Processing] ig_es_update_457_add_list_hash
2020-11-18T11:55:10+00:00 INFO --- Running Task - ig_es_update_457_add_list_hash
2020-11-18T11:55:10+00:00 INFO --- Finished Task - ig_es_update_457_add_list_hash 
2020-11-18T11:55:10+00:00 INFO [Processed] ig_es_update_457_add_list_hash
2020-11-18T11:55:10+00:00 INFO [Processing] ig_es_update_457_db_version
2020-11-18T11:55:10+00:00 INFO --- Running Task - ig_es_update_457_db_version
2020-11-18T11:55:10+00:00 INFO --- Finished Task - ig_es_update_457_db_version 
2020-11-18T11:55:10+00:00 INFO [Processed] ig_es_update_457_db_version
2020-11-18T11:55:10+00:00 INFO [Processing] ig_es_update_463_alter_contacts_table
2020-11-18T11:55:10+00:00 INFO --- Running Task - ig_es_update_463_alter_contacts_table
2020-11-18T11:55:10+00:00 INFO --- Finished Task - ig_es_update_463_alter_contacts_table 
2020-11-18T11:55:10+00:00 INFO [Processed] ig_es_update_463_alter_contacts_table
2020-11-18T11:55:10+00:00 INFO [Processing] ig_es_migrate_ip_from_list_contacts_to_contacts_table
2020-11-18T11:55:10+00:00 INFO --- Running Task - ig_es_migrate_ip_from_list_contacts_to_contacts_table
2020-11-18T11:55:10+00:00 INFO --- Finished Task - ig_es_migrate_ip_from_list_contacts_to_contacts_table 
2020-11-18T11:55:10+00:00 INFO [Processed] ig_es_migrate_ip_from_list_contacts_to_contacts_table
2020-11-18T11:55:10+00:00 INFO [Processing] ig_es_update_463_db_version
2020-11-18T11:55:10+00:00 INFO --- Running Task - ig_es_update_463_db_version
2020-11-18T11:55:10+00:00 INFO --- Finished Task - ig_es_update_463_db_version 
2020-11-18T11:55:10+00:00 INFO [Processed] ig_es_update_463_db_version
